<?xml version='1.0' encoding='utf-8'?>
<testsuite name="SOC-A4 Detection Tests" tests="36" failures="0" errors="0" timestamp="2026-08-27T20:36:27.485132+00:00Z"><testcase name="P-DET-01" classname="DetectionEngine" time="0.1"><system-out>{
  "case_id": "P-DET-01",
  "expected": "alert",
  "actual": "alert",
  "alerts": [
    {
      "technique_id": "T1003.001",
      "technique_name": "LSASS Memory Dumping",
      "tactic": "Credential Access",
      "severity": 8,
      "description": "System binary (regsvr32.exe) from services.exe",
      "event_id": 1,
      "timestamp": "2026-08-27T20:36:27.449947+00:00Z",
      "computer": "TEST-HOST"
    },
    {
      "technique_id": "T1003.001",
      "technique_name": "LSASS Memory Dumping",
      "tactic": "Credential Access",
      "severity": 8,
      "description": "System binary (regsvr32.exe) from services.exe",
      "event_id": 2,
      "timestamp": "2026-08-27T20:36:27.453442+00:00Z",
      "computer": "TEST-HOST"
    }
  ],
  "hash": "24be3292"
}</system-out></testcase><testcase name="P-DET-02" classname="DetectionEngine" time="0.1"><system-out>{
  "case_id": "P-DET-02",
  "expected": "alert",
  "actual": "alert",
  "alerts": [
    {
      "technique_id": "T1003.001",
      "technique_name": "LSASS Memory Dumping",
      "tactic": "Credential Access",
      "severity": 7,
      "description": "System binary (rundll32.exe) from explorer.exe with suspicious args",
      "event_id": 1,
      "timestamp": "2026-08-27T20:36:27.454115+00:00Z",
      "computer": "TEST-HOST"
    },
    {
      "technique_id": "T1218.011",
      "technique_name": "Rundll32 System Binary Proxy",
      "tactic": "Defense Evasion",
      "severity": 6,
      "description": "Rundll32 from explorer.exe with suspicious args",
      "event_id": 1,
      "timestamp": "2026-08-27T20:36:27.454115+00:00Z",
      "computer": "TEST-HOST"
    }
  ],
  "hash": "f0112f3a"
}</system-out></testcase><testcase name="P-DET-03" classname="DetectionEngine" time="0.1"><system-out>{
  "case_id": "P-DET-03",
  "expected": "alert",
  "actual": "alert",
  "alerts": [
    {
      "technique_id": "T1059.001",
      "technique_name": "PowerShell",
      "tactic": "Execution",
      "severity": 8,
      "description": "PowerShell from wmiprvse.exe",
      "event_id": 1,
      "timestamp": "2026-08-27T20:36:27.455702+00:00Z",
      "computer": "TEST-HOST"
    },
    {
      "technique_id": "T1059.001",
      "technique_name": "PowerShell",
      "tactic": "Execution",
      "severity": 8,
      "description": "PowerShell from wmiprvse.exe",
      "event_id": 2,
      "timestamp": "2026-08-27T20:36:27.456709+00:00Z",
      "computer": "TEST-HOST"
    }
  ],
  "hash": "160d6d6b"
}</system-out></testcase><testcase name="P-DET-04" classname="DetectionEngine" time="0.1"><system-out>{
  "case_id": "P-DET-04",
  "expected": "alert",
  "actual": "alert",
  "alerts": [
    {
      "technique_id": "T1003.001",
      "technique_name": "LSASS Memory Dumping",
      "tactic": "Credential Access",
      "severity": 7,
      "description": "System binary (regsvr32.exe) from explorer.exe with suspicious args",
      "event_id": 1,
      "timestamp": "2026-08-27T20:36:27.457861+00:00Z",
      "computer": "TEST-HOST"
    }
  ],
  "hash": "3b838380"
}</system-out></testcase><testcase name="P-DET-05" classname="DetectionEngine" time="0.1"><system-out>{
  "case_id": "P-DET-05",
  "expected": "alert",
  "actual": "alert",
  "alerts": [
    {
      "technique_id": "T1059.003",
      "technique_name": "Windows Command Shell",
      "tactic": "Execution",
      "severity": 6,
      "description": "Command shell from config-agent.exe with suspicious args",
      "event_id": 1,
      "timestamp": "2026-08-27T20:36:27.458764+00:00Z",
      "computer": "TEST-HOST"
    }
  ],
  "hash": "75706042"
}</system-out></testcase><testcase name="P-DET-06" classname="DetectionEngine" time="0.1"><system-out>{
  "case_id": "P-DET-06",
  "expected": "alert",
  "actual": "alert",
  "alerts": [
    {
      "technique_id": "T1059.003",
      "technique_name": "Windows Command Shell",
      "tactic": "Execution",
      "severity": 6,
      "description": "Command shell from config-agent.exe with suspicious args",
      "event_id": 1,
      "timestamp": "2026-08-27T20:36:27.459554+00:00Z",
      "computer": "TEST-HOST"
    }
  ],
  "hash": "a0ccc823"
}</system-out></testcase><testcase name="P-DET-07" classname="DetectionEngine" time="0.1"><system-out>{
  "case_id": "P-DET-07",
  "expected": "alert",
  "actual": "alert",
  "alerts": [
    {
      "technique_id": "T1059.003",
      "technique_name": "Windows Command Shell",
      "tactic": "Execution",
      "severity": 7,
      "description": "Command shell from winword.exe",
      "event_id": 1,
      "timestamp": "2026-08-27T20:36:27.460054+00:00Z",
      "computer": "TEST-HOST"
    },
    {
      "technique_id": "T1059.003",
      "technique_name": "Windows Command Shell",
      "tactic": "Execution",
      "severity": 7,
      "description": "Command shell from winword.exe",
      "event_id": 2,
      "timestamp": "2026-08-27T20:36:27.460233+00:00Z",
      "computer": "TEST-HOST"
    }
  ],
  "hash": "cf283d93"
}</system-out></testcase><testcase name="P-DET-08" classname="DetectionEngine" time="0.1"><system-out>{
  "case_id": "P-DET-08",
  "expected": "alert",
  "actual": "alert",
  "alerts": [
    {
      "technique_id": "T1003.001",
      "technique_name": "LSASS Memory Dumping",
      "tactic": "Credential Access",
      "severity": 7,
      "description": "System binary (regsvr32.exe) from sccm-client.exe with suspicious args",
      "event_id": 1,
      "timestamp": "2026-08-27T20:36:27.460727+00:00Z",
      "computer": "TEST-HOST"
    }
  ],
  "hash": "b3640f5f"
}</system-out></testcase><testcase name="P-DET-09" classname="DetectionEngine" time="0.1"><system-out>{
  "case_id": "P-DET-09",
  "expected": "alert",
  "actual": "alert",
  "alerts": [
    {
      "technique_id": "T1059.003",
      "technique_name": "Windows Command Shell",
      "tactic": "Execution",
      "severity": 7,
      "description": "Command shell from services.exe",
      "event_id": 1,
      "timestamp": "2026-08-27T20:36:27.461185+00:00Z",
      "computer": "TEST-HOST"
    },
    {
      "technique_id": "T1059.003",
      "technique_name": "Windows Command Shell",
      "tactic": "Execution",
      "severity": 7,
      "description": "Command shell from services.exe",
      "event_id": 2,
      "timestamp": "2026-08-27T20:36:27.461397+00:00Z",
      "computer": "TEST-HOST"
    }
  ],
  "hash": "2afdee53"
}</system-out></testcase><testcase name="P-DET-10" classname="DetectionEngine" time="0.1"><system-out>{
  "case_id": "P-DET-10",
  "expected": "alert",
  "actual": "alert",
  "alerts": [
    {
      "technique_id": "T1059.003",
      "technique_name": "Windows Command Shell",
      "tactic": "Execution",
      "severity": 6,
      "description": "Command shell from explorer.exe with suspicious args",
      "event_id": 1,
      "timestamp": "2026-08-27T20:36:27.461695+00:00Z",
      "computer": "TEST-HOST"
    }
  ],
  "hash": "30a81cb9"
}</system-out></testcase><testcase name="P-DET-11" classname="DetectionEngine" time="0.1"><system-out>{
  "case_id": "P-DET-11",
  "expected": "alert",
  "actual": "alert",
  "alerts": [
    {
      "technique_id": "T1059.001",
      "technique_name": "PowerShell",
      "tactic": "Execution",
      "severity": 8,
      "description": "PowerShell from services.exe",
      "event_id": 1,
      "timestamp": "2026-08-27T20:36:27.462220+00:00Z",
      "computer": "TEST-HOST"
    },
    {
      "technique_id": "T1059.001",
      "technique_name": "PowerShell",
      "tactic": "Execution",
      "severity": 8,
      "description": "PowerShell from services.exe",
      "event_id": 2,
      "timestamp": "2026-08-27T20:36:27.462674+00:00Z",
      "computer": "TEST-HOST"
    }
  ],
  "hash": "4e42c453"
}</system-out></testcase><testcase name="P-DET-12" classname="DetectionEngine" time="0.1"><system-out>{
  "case_id": "P-DET-12",
  "expected": "alert",
  "actual": "alert",
  "alerts": [
    {
      "technique_id": "T1003.001",
      "technique_name": "LSASS Memory Dumping",
      "tactic": "Credential Access",
      "severity": 7,
      "description": "System binary (regsvr32.exe) from enterprise-updater.exe with suspicious args",
      "event_id": 1,
      "timestamp": "2026-08-27T20:36:27.463820+00:00Z",
      "computer": "TEST-HOST"
    }
  ],
  "hash": "c3511bb1"
}</system-out></testcase><testcase name="P-DET-13" classname="DetectionEngine" time="0.1"><system-out>{
  "case_id": "P-DET-13",
  "expected": "no_alert",
  "actual": "no_alert",
  "alerts": [],
  "hash": "c06c1820"
}</system-out></testcase><testcase name="P-DET-14" classname="DetectionEngine" time="0.1"><system-out>{
  "case_id": "P-DET-14",
  "expected": "no_alert",
  "actual": "no_alert",
  "alerts": [],
  "hash": "6b18ac60"
}</system-out></testcase><testcase name="P-DET-15" classname="DetectionEngine" time="0.1"><system-out>{
  "case_id": "P-DET-15",
  "expected": "no_alert",
  "actual": "no_alert",
  "alerts": [],
  "hash": "5a4fd2bb"
}</system-out></testcase><testcase name="P-DET-16" classname="DetectionEngine" time="0.1"><system-out>{
  "case_id": "P-DET-16",
  "expected": "no_alert",
  "actual": "no_alert",
  "alerts": [],
  "hash": "ccbc1447"
}</system-out></testcase><testcase name="P-DET-17" classname="DetectionEngine" time="0.1"><system-out>{
  "case_id": "P-DET-17",
  "expected": "no_alert",
  "actual": "no_alert",
  "alerts": [],
  "hash": "e44b9a16"
}</system-out></testcase><testcase name="P-DET-18" classname="DetectionEngine" time="0.1"><system-out>{
  "case_id": "P-DET-18",
  "expected": "no_alert",
  "actual": "no_alert",
  "alerts": [],
  "hash": "9dec1e04"
}</system-out></testcase><testcase name="P-DET-19" classname="DetectionEngine" time="0.1"><system-out>{
  "case_id": "P-DET-19",
  "expected": "no_alert",
  "actual": "no_alert",
  "alerts": [],
  "hash": "a821885f"
}</system-out></testcase><testcase name="P-DET-20" classname="DetectionEngine" time="0.1"><system-out>{
  "case_id": "P-DET-20",
  "expected": "no_alert",
  "actual": "no_alert",
  "alerts": [],
  "hash": "d3b4af90"
}</system-out></testcase><testcase name="P-DET-21" classname="DetectionEngine" time="0.1"><system-out>{
  "case_id": "P-DET-21",
  "expected": "no_alert",
  "actual": "no_alert",
  "alerts": [],
  "hash": "1f646f8b"
}</system-out></testcase><testcase name="P-DET-22" classname="DetectionEngine" time="0.1"><system-out>{
  "case_id": "P-DET-22",
  "expected": "no_alert",
  "actual": "no_alert",
  "alerts": [],
  "hash": "fec3a897"
}</system-out></testcase><testcase name="P-DET-23" classname="DetectionEngine" time="0.1"><system-out>{
  "case_id": "P-DET-23",
  "expected": "no_alert",
  "actual": "no_alert",
  "alerts": [],
  "hash": "9b5b8dac"
}</system-out></testcase><testcase name="P-DET-24" classname="DetectionEngine" time="0.1"><system-out>{
  "case_id": "P-DET-24",
  "expected": "no_alert",
  "actual": "no_alert",
  "alerts": [],
  "hash": "8436acc8"
}</system-out></testcase><testcase name="P-DET-25" classname="DetectionEngine" time="0.1"><system-out>{
  "case_id": "P-DET-25",
  "expected": "no_alert",
  "actual": "no_alert",
  "alerts": [],
  "hash": "ce361ba4"
}</system-out></testcase><testcase name="P-DET-26" classname="DetectionEngine" time="0.1"><system-out>{
  "case_id": "P-DET-26",
  "expected": "no_alert",
  "actual": "no_alert",
  "alerts": [],
  "hash": "095dabb2"
}</system-out></testcase><testcase name="P-DET-27" classname="DetectionEngine" time="0.1"><system-out>{
  "case_id": "P-DET-27",
  "expected": "no_alert",
  "actual": "no_alert",
  "alerts": [],
  "hash": "e0a0347e"
}</system-out></testcase><testcase name="P-DET-28" classname="DetectionEngine" time="0.1"><system-out>{
  "case_id": "P-DET-28",
  "expected": "no_alert",
  "actual": "no_alert",
  "alerts": [],
  "hash": "e0e67e59"
}</system-out></testcase><testcase name="P-DET-29" classname="DetectionEngine" time="0.1"><system-out>{
  "case_id": "P-DET-29",
  "expected": "no_alert",
  "actual": "no_alert",
  "alerts": [],
  "hash": "1a2a08d3"
}</system-out></testcase><testcase name="P-DET-30" classname="DetectionEngine" time="0.1"><system-out>{
  "case_id": "P-DET-30",
  "expected": "no_alert",
  "actual": "no_alert",
  "alerts": [],
  "hash": "5a69297a"
}</system-out></testcase><testcase name="P-DET-31" classname="DetectionEngine" time="0.1"><system-out>{
  "case_id": "P-DET-31",
  "expected": "no_alert",
  "actual": "no_alert",
  "alerts": [],
  "hash": "d0da5157"
}</system-out></testcase><testcase name="P-DET-32" classname="DetectionEngine" time="0.1"><system-out>{
  "case_id": "P-DET-32",
  "expected": "no_alert",
  "actual": "no_alert",
  "alerts": [],
  "hash": "6c2b7957"
}</system-out></testcase><testcase name="P-DET-33" classname="DetectionEngine" time="0.1"><system-out>{
  "case_id": "P-DET-33",
  "expected": "no_alert",
  "actual": "no_alert",
  "alerts": [],
  "hash": "975d2c90"
}</system-out></testcase><testcase name="P-DET-34" classname="DetectionEngine" time="0.1"><system-out>{
  "case_id": "P-DET-34",
  "expected": "no_alert",
  "actual": "no_alert",
  "alerts": [],
  "hash": "49704e6d"
}</system-out></testcase><testcase name="P-DET-35" classname="DetectionEngine" time="0.1"><system-out>{
  "case_id": "P-DET-35",
  "expected": "no_alert",
  "actual": "no_alert",
  "alerts": [],
  "hash": "26409a17"
}</system-out></testcase><testcase name="P-DET-36" classname="DetectionEngine" time="0.1"><system-out>{
  "case_id": "P-DET-36",
  "expected": "no_alert",
  "actual": "no_alert",
  "alerts": [],
  "hash": "1d3356ba"
}</system-out></testcase></testsuite>