<?xml version='1.0' encoding='utf-8'?>
<testsuite name="SOC-A4 Detection Tests" tests="36" failures="0" errors="0" timestamp="2026-08-22T15:07:35.969013+00:00Z"><testcase name="P-DET-01" classname="DetectionEngine" time="0.1"><system-out>{
  "case_id": "P-DET-01",
  "expected": "alert",
  "actual": "alert",
  "alerts": [
    {
      "technique_id": "T1003.001",
      "technique_name": "LSASS Memory Dumping",
      "tactic": "Credential Access",
      "severity": 8,
      "description": "System binary (regsvr32.exe) from services.exe",
      "event_id": 1,
      "timestamp": "2026-08-22T15:07:35.958592+00:00Z",
      "computer": "TEST-HOST"
    },
    {
      "technique_id": "T1003.001",
      "technique_name": "LSASS Memory Dumping",
      "tactic": "Credential Access",
      "severity": 8,
      "description": "System binary (regsvr32.exe) from services.exe",
      "event_id": 2,
      "timestamp": "2026-08-22T15:07:35.959864+00:00Z",
      "computer": "TEST-HOST"
    }
  ],
  "hash": "37558fd2"
}</system-out></testcase><testcase name="P-DET-02" classname="DetectionEngine" time="0.1"><system-out>{
  "case_id": "P-DET-02",
  "expected": "alert",
  "actual": "alert",
  "alerts": [
    {
      "technique_id": "T1003.001",
      "technique_name": "LSASS Memory Dumping",
      "tactic": "Credential Access",
      "severity": 7,
      "description": "System binary (rundll32.exe) from explorer.exe with suspicious args",
      "event_id": 1,
      "timestamp": "2026-08-22T15:07:35.960121+00:00Z",
      "computer": "TEST-HOST"
    },
    {
      "technique_id": "T1218.011",
      "technique_name": "Rundll32 System Binary Proxy",
      "tactic": "Defense Evasion",
      "severity": 6,
      "description": "Rundll32 from explorer.exe with suspicious args",
      "event_id": 1,
      "timestamp": "2026-08-22T15:07:35.960121+00:00Z",
      "computer": "TEST-HOST"
    }
  ],
  "hash": "c31e17de"
}</system-out></testcase><testcase name="P-DET-03" classname="DetectionEngine" time="0.1"><system-out>{
  "case_id": "P-DET-03",
  "expected": "alert",
  "actual": "alert",
  "alerts": [
    {
      "technique_id": "T1059.001",
      "technique_name": "PowerShell",
      "tactic": "Execution",
      "severity": 8,
      "description": "PowerShell from wmiprvse.exe",
      "event_id": 1,
      "timestamp": "2026-08-22T15:07:35.960429+00:00Z",
      "computer": "TEST-HOST"
    },
    {
      "technique_id": "T1059.001",
      "technique_name": "PowerShell",
      "tactic": "Execution",
      "severity": 8,
      "description": "PowerShell from wmiprvse.exe",
      "event_id": 2,
      "timestamp": "2026-08-22T15:07:35.960637+00:00Z",
      "computer": "TEST-HOST"
    }
  ],
  "hash": "d76c8095"
}</system-out></testcase><testcase name="P-DET-04" classname="DetectionEngine" time="0.1"><system-out>{
  "case_id": "P-DET-04",
  "expected": "alert",
  "actual": "alert",
  "alerts": [
    {
      "technique_id": "T1003.001",
      "technique_name": "LSASS Memory Dumping",
      "tactic": "Credential Access",
      "severity": 7,
      "description": "System binary (regsvr32.exe) from explorer.exe with suspicious args",
      "event_id": 1,
      "timestamp": "2026-08-22T15:07:35.960779+00:00Z",
      "computer": "TEST-HOST"
    }
  ],
  "hash": "bb0c06c0"
}</system-out></testcase><testcase name="P-DET-05" classname="DetectionEngine" time="0.1"><system-out>{
  "case_id": "P-DET-05",
  "expected": "alert",
  "actual": "alert",
  "alerts": [
    {
      "technique_id": "T1059.003",
      "technique_name": "Windows Command Shell",
      "tactic": "Execution",
      "severity": 6,
      "description": "Command shell from config-agent.exe with suspicious args",
      "event_id": 1,
      "timestamp": "2026-08-22T15:07:35.960975+00:00Z",
      "computer": "TEST-HOST"
    }
  ],
  "hash": "104816bc"
}</system-out></testcase><testcase name="P-DET-06" classname="DetectionEngine" time="0.1"><system-out>{
  "case_id": "P-DET-06",
  "expected": "alert",
  "actual": "alert",
  "alerts": [
    {
      "technique_id": "T1059.003",
      "technique_name": "Windows Command Shell",
      "tactic": "Execution",
      "severity": 6,
      "description": "Command shell from config-agent.exe with suspicious args",
      "event_id": 1,
      "timestamp": "2026-08-22T15:07:35.961262+00:00Z",
      "computer": "TEST-HOST"
    }
  ],
  "hash": "5afe03a5"
}</system-out></testcase><testcase name="P-DET-07" classname="DetectionEngine" time="0.1"><system-out>{
  "case_id": "P-DET-07",
  "expected": "alert",
  "actual": "alert",
  "alerts": [
    {
      "technique_id": "T1059.003",
      "technique_name": "Windows Command Shell",
      "tactic": "Execution",
      "severity": 7,
      "description": "Command shell from winword.exe",
      "event_id": 1,
      "timestamp": "2026-08-22T15:07:35.961514+00:00Z",
      "computer": "TEST-HOST"
    },
    {
      "technique_id": "T1059.003",
      "technique_name": "Windows Command Shell",
      "tactic": "Execution",
      "severity": 7,
      "description": "Command shell from winword.exe",
      "event_id": 2,
      "timestamp": "2026-08-22T15:07:35.961596+00:00Z",
      "computer": "TEST-HOST"
    }
  ],
  "hash": "b15cd45f"
}</system-out></testcase><testcase name="P-DET-08" classname="DetectionEngine" time="0.1"><system-out>{
  "case_id": "P-DET-08",
  "expected": "alert",
  "actual": "alert",
  "alerts": [
    {
      "technique_id": "T1003.001",
      "technique_name": "LSASS Memory Dumping",
      "tactic": "Credential Access",
      "severity": 7,
      "description": "System binary (regsvr32.exe) from sccm-client.exe with suspicious args",
      "event_id": 1,
      "timestamp": "2026-08-22T15:07:35.961787+00:00Z",
      "computer": "TEST-HOST"
    }
  ],
  "hash": "d5b48d49"
}</system-out></testcase><testcase name="P-DET-09" classname="DetectionEngine" time="0.1"><system-out>{
  "case_id": "P-DET-09",
  "expected": "alert",
  "actual": "alert",
  "alerts": [
    {
      "technique_id": "T1059.003",
      "technique_name": "Windows Command Shell",
      "tactic": "Execution",
      "severity": 7,
      "description": "Command shell from services.exe",
      "event_id": 1,
      "timestamp": "2026-08-22T15:07:35.961996+00:00Z",
      "computer": "TEST-HOST"
    },
    {
      "technique_id": "T1059.003",
      "technique_name": "Windows Command Shell",
      "tactic": "Execution",
      "severity": 7,
      "description": "Command shell from services.exe",
      "event_id": 2,
      "timestamp": "2026-08-22T15:07:35.962061+00:00Z",
      "computer": "TEST-HOST"
    }
  ],
  "hash": "3b738d37"
}</system-out></testcase><testcase name="P-DET-10" classname="DetectionEngine" time="0.1"><system-out>{
  "case_id": "P-DET-10",
  "expected": "alert",
  "actual": "alert",
  "alerts": [
    {
      "technique_id": "T1059.003",
      "technique_name": "Windows Command Shell",
      "tactic": "Execution",
      "severity": 6,
      "description": "Command shell from explorer.exe with suspicious args",
      "event_id": 1,
      "timestamp": "2026-08-22T15:07:35.962178+00:00Z",
      "computer": "TEST-HOST"
    }
  ],
  "hash": "cd26e697"
}</system-out></testcase><testcase name="P-DET-11" classname="DetectionEngine" time="0.1"><system-out>{
  "case_id": "P-DET-11",
  "expected": "alert",
  "actual": "alert",
  "alerts": [
    {
      "technique_id": "T1059.001",
      "technique_name": "PowerShell",
      "tactic": "Execution",
      "severity": 8,
      "description": "PowerShell from services.exe",
      "event_id": 1,
      "timestamp": "2026-08-22T15:07:35.962375+00:00Z",
      "computer": "TEST-HOST"
    },
    {
      "technique_id": "T1059.001",
      "technique_name": "PowerShell",
      "tactic": "Execution",
      "severity": 8,
      "description": "PowerShell from services.exe",
      "event_id": 2,
      "timestamp": "2026-08-22T15:07:35.962458+00:00Z",
      "computer": "TEST-HOST"
    }
  ],
  "hash": "9df495f0"
}</system-out></testcase><testcase name="P-DET-12" classname="DetectionEngine" time="0.1"><system-out>{
  "case_id": "P-DET-12",
  "expected": "alert",
  "actual": "alert",
  "alerts": [
    {
      "technique_id": "T1003.001",
      "technique_name": "LSASS Memory Dumping",
      "tactic": "Credential Access",
      "severity": 7,
      "description": "System binary (regsvr32.exe) from enterprise-updater.exe with suspicious args",
      "event_id": 1,
      "timestamp": "2026-08-22T15:07:35.962578+00:00Z",
      "computer": "TEST-HOST"
    }
  ],
  "hash": "5dbaacba"
}</system-out></testcase><testcase name="P-DET-13" classname="DetectionEngine" time="0.1"><system-out>{
  "case_id": "P-DET-13",
  "expected": "no_alert",
  "actual": "no_alert",
  "alerts": [],
  "hash": "d98b475b"
}</system-out></testcase><testcase name="P-DET-14" classname="DetectionEngine" time="0.1"><system-out>{
  "case_id": "P-DET-14",
  "expected": "no_alert",
  "actual": "no_alert",
  "alerts": [],
  "hash": "343f88cd"
}</system-out></testcase><testcase name="P-DET-15" classname="DetectionEngine" time="0.1"><system-out>{
  "case_id": "P-DET-15",
  "expected": "no_alert",
  "actual": "no_alert",
  "alerts": [],
  "hash": "00ad3c4a"
}</system-out></testcase><testcase name="P-DET-16" classname="DetectionEngine" time="0.1"><system-out>{
  "case_id": "P-DET-16",
  "expected": "no_alert",
  "actual": "no_alert",
  "alerts": [],
  "hash": "3baf5638"
}</system-out></testcase><testcase name="P-DET-17" classname="DetectionEngine" time="0.1"><system-out>{
  "case_id": "P-DET-17",
  "expected": "no_alert",
  "actual": "no_alert",
  "alerts": [],
  "hash": "fd06ccca"
}</system-out></testcase><testcase name="P-DET-18" classname="DetectionEngine" time="0.1"><system-out>{
  "case_id": "P-DET-18",
  "expected": "no_alert",
  "actual": "no_alert",
  "alerts": [],
  "hash": "528d5034"
}</system-out></testcase><testcase name="P-DET-19" classname="DetectionEngine" time="0.1"><system-out>{
  "case_id": "P-DET-19",
  "expected": "no_alert",
  "actual": "no_alert",
  "alerts": [],
  "hash": "aa5cdf8f"
}</system-out></testcase><testcase name="P-DET-20" classname="DetectionEngine" time="0.1"><system-out>{
  "case_id": "P-DET-20",
  "expected": "no_alert",
  "actual": "no_alert",
  "alerts": [],
  "hash": "8f100302"
}</system-out></testcase><testcase name="P-DET-21" classname="DetectionEngine" time="0.1"><system-out>{
  "case_id": "P-DET-21",
  "expected": "no_alert",
  "actual": "no_alert",
  "alerts": [],
  "hash": "d696fd54"
}</system-out></testcase><testcase name="P-DET-22" classname="DetectionEngine" time="0.1"><system-out>{
  "case_id": "P-DET-22",
  "expected": "no_alert",
  "actual": "no_alert",
  "alerts": [],
  "hash": "24b9abc8"
}</system-out></testcase><testcase name="P-DET-23" classname="DetectionEngine" time="0.1"><system-out>{
  "case_id": "P-DET-23",
  "expected": "no_alert",
  "actual": "no_alert",
  "alerts": [],
  "hash": "5f0e2bb4"
}</system-out></testcase><testcase name="P-DET-24" classname="DetectionEngine" time="0.1"><system-out>{
  "case_id": "P-DET-24",
  "expected": "no_alert",
  "actual": "no_alert",
  "alerts": [],
  "hash": "761a916d"
}</system-out></testcase><testcase name="P-DET-25" classname="DetectionEngine" time="0.1"><system-out>{
  "case_id": "P-DET-25",
  "expected": "no_alert",
  "actual": "no_alert",
  "alerts": [],
  "hash": "b4d5f281"
}</system-out></testcase><testcase name="P-DET-26" classname="DetectionEngine" time="0.1"><system-out>{
  "case_id": "P-DET-26",
  "expected": "no_alert",
  "actual": "no_alert",
  "alerts": [],
  "hash": "22e13546"
}</system-out></testcase><testcase name="P-DET-27" classname="DetectionEngine" time="0.1"><system-out>{
  "case_id": "P-DET-27",
  "expected": "no_alert",
  "actual": "no_alert",
  "alerts": [],
  "hash": "64097eae"
}</system-out></testcase><testcase name="P-DET-28" classname="DetectionEngine" time="0.1"><system-out>{
  "case_id": "P-DET-28",
  "expected": "no_alert",
  "actual": "no_alert",
  "alerts": [],
  "hash": "521e05a6"
}</system-out></testcase><testcase name="P-DET-29" classname="DetectionEngine" time="0.1"><system-out>{
  "case_id": "P-DET-29",
  "expected": "no_alert",
  "actual": "no_alert",
  "alerts": [],
  "hash": "6bee3142"
}</system-out></testcase><testcase name="P-DET-30" classname="DetectionEngine" time="0.1"><system-out>{
  "case_id": "P-DET-30",
  "expected": "no_alert",
  "actual": "no_alert",
  "alerts": [],
  "hash": "2b98bdb3"
}</system-out></testcase><testcase name="P-DET-31" classname="DetectionEngine" time="0.1"><system-out>{
  "case_id": "P-DET-31",
  "expected": "no_alert",
  "actual": "no_alert",
  "alerts": [],
  "hash": "f701dd7d"
}</system-out></testcase><testcase name="P-DET-32" classname="DetectionEngine" time="0.1"><system-out>{
  "case_id": "P-DET-32",
  "expected": "no_alert",
  "actual": "no_alert",
  "alerts": [],
  "hash": "93f2d3a7"
}</system-out></testcase><testcase name="P-DET-33" classname="DetectionEngine" time="0.1"><system-out>{
  "case_id": "P-DET-33",
  "expected": "no_alert",
  "actual": "no_alert",
  "alerts": [],
  "hash": "db7c25ef"
}</system-out></testcase><testcase name="P-DET-34" classname="DetectionEngine" time="0.1"><system-out>{
  "case_id": "P-DET-34",
  "expected": "no_alert",
  "actual": "no_alert",
  "alerts": [],
  "hash": "b488897d"
}</system-out></testcase><testcase name="P-DET-35" classname="DetectionEngine" time="0.1"><system-out>{
  "case_id": "P-DET-35",
  "expected": "no_alert",
  "actual": "no_alert",
  "alerts": [],
  "hash": "3db1fd43"
}</system-out></testcase><testcase name="P-DET-36" classname="DetectionEngine" time="0.1"><system-out>{
  "case_id": "P-DET-36",
  "expected": "no_alert",
  "actual": "no_alert",
  "alerts": [],
  "hash": "dbc51bb2"
}</system-out></testcase></testsuite>