<?xml version='1.0' encoding='utf-8'?>
<testsuite name="SOC-A4 Detection Tests" tests="36" failures="0" errors="0" timestamp="2026-08-22T15:45:01.586738+00:00Z"><testcase name="P-DET-01" classname="DetectionEngine" time="0.1"><system-out>{
  "case_id": "P-DET-01",
  "expected": "alert",
  "actual": "alert",
  "alerts": [
    {
      "technique_id": "T1003.001",
      "technique_name": "LSASS Memory Dumping",
      "tactic": "Credential Access",
      "severity": 8,
      "description": "System binary (regsvr32.exe) from services.exe",
      "event_id": 1,
      "timestamp": "2026-08-22T15:45:01.554571+00:00Z",
      "computer": "TEST-HOST"
    },
    {
      "technique_id": "T1003.001",
      "technique_name": "LSASS Memory Dumping",
      "tactic": "Credential Access",
      "severity": 8,
      "description": "System binary (regsvr32.exe) from services.exe",
      "event_id": 2,
      "timestamp": "2026-08-22T15:45:01.560150+00:00Z",
      "computer": "TEST-HOST"
    }
  ],
  "hash": "125c7023"
}</system-out></testcase><testcase name="P-DET-02" classname="DetectionEngine" time="0.1"><system-out>{
  "case_id": "P-DET-02",
  "expected": "alert",
  "actual": "alert",
  "alerts": [
    {
      "technique_id": "T1003.001",
      "technique_name": "LSASS Memory Dumping",
      "tactic": "Credential Access",
      "severity": 7,
      "description": "System binary (rundll32.exe) from explorer.exe with suspicious args",
      "event_id": 1,
      "timestamp": "2026-08-22T15:45:01.561120+00:00Z",
      "computer": "TEST-HOST"
    },
    {
      "technique_id": "T1218.011",
      "technique_name": "Rundll32 System Binary Proxy",
      "tactic": "Defense Evasion",
      "severity": 6,
      "description": "Rundll32 from explorer.exe with suspicious args",
      "event_id": 1,
      "timestamp": "2026-08-22T15:45:01.561120+00:00Z",
      "computer": "TEST-HOST"
    }
  ],
  "hash": "afce97bf"
}</system-out></testcase><testcase name="P-DET-03" classname="DetectionEngine" time="0.1"><system-out>{
  "case_id": "P-DET-03",
  "expected": "alert",
  "actual": "alert",
  "alerts": [
    {
      "technique_id": "T1059.001",
      "technique_name": "PowerShell",
      "tactic": "Execution",
      "severity": 8,
      "description": "PowerShell from wmiprvse.exe",
      "event_id": 1,
      "timestamp": "2026-08-22T15:45:01.563700+00:00Z",
      "computer": "TEST-HOST"
    },
    {
      "technique_id": "T1059.001",
      "technique_name": "PowerShell",
      "tactic": "Execution",
      "severity": 8,
      "description": "PowerShell from wmiprvse.exe",
      "event_id": 2,
      "timestamp": "2026-08-22T15:45:01.565126+00:00Z",
      "computer": "TEST-HOST"
    }
  ],
  "hash": "a1636df9"
}</system-out></testcase><testcase name="P-DET-04" classname="DetectionEngine" time="0.1"><system-out>{
  "case_id": "P-DET-04",
  "expected": "alert",
  "actual": "alert",
  "alerts": [
    {
      "technique_id": "T1003.001",
      "technique_name": "LSASS Memory Dumping",
      "tactic": "Credential Access",
      "severity": 7,
      "description": "System binary (regsvr32.exe) from explorer.exe with suspicious args",
      "event_id": 1,
      "timestamp": "2026-08-22T15:45:01.565771+00:00Z",
      "computer": "TEST-HOST"
    }
  ],
  "hash": "5b995f55"
}</system-out></testcase><testcase name="P-DET-05" classname="DetectionEngine" time="0.1"><system-out>{
  "case_id": "P-DET-05",
  "expected": "alert",
  "actual": "alert",
  "alerts": [
    {
      "technique_id": "T1059.003",
      "technique_name": "Windows Command Shell",
      "tactic": "Execution",
      "severity": 6,
      "description": "Command shell from config-agent.exe with suspicious args",
      "event_id": 1,
      "timestamp": "2026-08-22T15:45:01.566298+00:00Z",
      "computer": "TEST-HOST"
    }
  ],
  "hash": "0ecd7da4"
}</system-out></testcase><testcase name="P-DET-06" classname="DetectionEngine" time="0.1"><system-out>{
  "case_id": "P-DET-06",
  "expected": "alert",
  "actual": "alert",
  "alerts": [
    {
      "technique_id": "T1059.003",
      "technique_name": "Windows Command Shell",
      "tactic": "Execution",
      "severity": 6,
      "description": "Command shell from config-agent.exe with suspicious args",
      "event_id": 1,
      "timestamp": "2026-08-22T15:45:01.567320+00:00Z",
      "computer": "TEST-HOST"
    }
  ],
  "hash": "5cf0610e"
}</system-out></testcase><testcase name="P-DET-07" classname="DetectionEngine" time="0.1"><system-out>{
  "case_id": "P-DET-07",
  "expected": "alert",
  "actual": "alert",
  "alerts": [
    {
      "technique_id": "T1059.003",
      "technique_name": "Windows Command Shell",
      "tactic": "Execution",
      "severity": 7,
      "description": "Command shell from winword.exe",
      "event_id": 1,
      "timestamp": "2026-08-22T15:45:01.567988+00:00Z",
      "computer": "TEST-HOST"
    },
    {
      "technique_id": "T1059.003",
      "technique_name": "Windows Command Shell",
      "tactic": "Execution",
      "severity": 7,
      "description": "Command shell from winword.exe",
      "event_id": 2,
      "timestamp": "2026-08-22T15:45:01.568274+00:00Z",
      "computer": "TEST-HOST"
    }
  ],
  "hash": "cb59e850"
}</system-out></testcase><testcase name="P-DET-08" classname="DetectionEngine" time="0.1"><system-out>{
  "case_id": "P-DET-08",
  "expected": "alert",
  "actual": "alert",
  "alerts": [
    {
      "technique_id": "T1003.001",
      "technique_name": "LSASS Memory Dumping",
      "tactic": "Credential Access",
      "severity": 7,
      "description": "System binary (regsvr32.exe) from sccm-client.exe with suspicious args",
      "event_id": 1,
      "timestamp": "2026-08-22T15:45:01.568844+00:00Z",
      "computer": "TEST-HOST"
    }
  ],
  "hash": "8dc05da2"
}</system-out></testcase><testcase name="P-DET-09" classname="DetectionEngine" time="0.1"><system-out>{
  "case_id": "P-DET-09",
  "expected": "alert",
  "actual": "alert",
  "alerts": [
    {
      "technique_id": "T1059.003",
      "technique_name": "Windows Command Shell",
      "tactic": "Execution",
      "severity": 7,
      "description": "Command shell from services.exe",
      "event_id": 1,
      "timestamp": "2026-08-22T15:45:01.569580+00:00Z",
      "computer": "TEST-HOST"
    },
    {
      "technique_id": "T1059.003",
      "technique_name": "Windows Command Shell",
      "tactic": "Execution",
      "severity": 7,
      "description": "Command shell from services.exe",
      "event_id": 2,
      "timestamp": "2026-08-22T15:45:01.569908+00:00Z",
      "computer": "TEST-HOST"
    }
  ],
  "hash": "a9afe4c4"
}</system-out></testcase><testcase name="P-DET-10" classname="DetectionEngine" time="0.1"><system-out>{
  "case_id": "P-DET-10",
  "expected": "alert",
  "actual": "alert",
  "alerts": [
    {
      "technique_id": "T1059.003",
      "technique_name": "Windows Command Shell",
      "tactic": "Execution",
      "severity": 6,
      "description": "Command shell from explorer.exe with suspicious args",
      "event_id": 1,
      "timestamp": "2026-08-22T15:45:01.570928+00:00Z",
      "computer": "TEST-HOST"
    }
  ],
  "hash": "a008c7be"
}</system-out></testcase><testcase name="P-DET-11" classname="DetectionEngine" time="0.1"><system-out>{
  "case_id": "P-DET-11",
  "expected": "alert",
  "actual": "alert",
  "alerts": [
    {
      "technique_id": "T1059.001",
      "technique_name": "PowerShell",
      "tactic": "Execution",
      "severity": 8,
      "description": "PowerShell from services.exe",
      "event_id": 1,
      "timestamp": "2026-08-22T15:45:01.571682+00:00Z",
      "computer": "TEST-HOST"
    },
    {
      "technique_id": "T1059.001",
      "technique_name": "PowerShell",
      "tactic": "Execution",
      "severity": 8,
      "description": "PowerShell from services.exe",
      "event_id": 2,
      "timestamp": "2026-08-22T15:45:01.571879+00:00Z",
      "computer": "TEST-HOST"
    }
  ],
  "hash": "1381b32d"
}</system-out></testcase><testcase name="P-DET-12" classname="DetectionEngine" time="0.1"><system-out>{
  "case_id": "P-DET-12",
  "expected": "alert",
  "actual": "alert",
  "alerts": [
    {
      "technique_id": "T1003.001",
      "technique_name": "LSASS Memory Dumping",
      "tactic": "Credential Access",
      "severity": 7,
      "description": "System binary (regsvr32.exe) from enterprise-updater.exe with suspicious args",
      "event_id": 1,
      "timestamp": "2026-08-22T15:45:01.572196+00:00Z",
      "computer": "TEST-HOST"
    }
  ],
  "hash": "a893b6e1"
}</system-out></testcase><testcase name="P-DET-13" classname="DetectionEngine" time="0.1"><system-out>{
  "case_id": "P-DET-13",
  "expected": "no_alert",
  "actual": "no_alert",
  "alerts": [],
  "hash": "0d4fb5d8"
}</system-out></testcase><testcase name="P-DET-14" classname="DetectionEngine" time="0.1"><system-out>{
  "case_id": "P-DET-14",
  "expected": "no_alert",
  "actual": "no_alert",
  "alerts": [],
  "hash": "e96b9c7a"
}</system-out></testcase><testcase name="P-DET-15" classname="DetectionEngine" time="0.1"><system-out>{
  "case_id": "P-DET-15",
  "expected": "no_alert",
  "actual": "no_alert",
  "alerts": [],
  "hash": "8435e489"
}</system-out></testcase><testcase name="P-DET-16" classname="DetectionEngine" time="0.1"><system-out>{
  "case_id": "P-DET-16",
  "expected": "no_alert",
  "actual": "no_alert",
  "alerts": [],
  "hash": "b84bd211"
}</system-out></testcase><testcase name="P-DET-17" classname="DetectionEngine" time="0.1"><system-out>{
  "case_id": "P-DET-17",
  "expected": "no_alert",
  "actual": "no_alert",
  "alerts": [],
  "hash": "cb44a734"
}</system-out></testcase><testcase name="P-DET-18" classname="DetectionEngine" time="0.1"><system-out>{
  "case_id": "P-DET-18",
  "expected": "no_alert",
  "actual": "no_alert",
  "alerts": [],
  "hash": "6aa63709"
}</system-out></testcase><testcase name="P-DET-19" classname="DetectionEngine" time="0.1"><system-out>{
  "case_id": "P-DET-19",
  "expected": "no_alert",
  "actual": "no_alert",
  "alerts": [],
  "hash": "0d40ea91"
}</system-out></testcase><testcase name="P-DET-20" classname="DetectionEngine" time="0.1"><system-out>{
  "case_id": "P-DET-20",
  "expected": "no_alert",
  "actual": "no_alert",
  "alerts": [],
  "hash": "c124c64d"
}</system-out></testcase><testcase name="P-DET-21" classname="DetectionEngine" time="0.1"><system-out>{
  "case_id": "P-DET-21",
  "expected": "no_alert",
  "actual": "no_alert",
  "alerts": [],
  "hash": "c48b9283"
}</system-out></testcase><testcase name="P-DET-22" classname="DetectionEngine" time="0.1"><system-out>{
  "case_id": "P-DET-22",
  "expected": "no_alert",
  "actual": "no_alert",
  "alerts": [],
  "hash": "2e532501"
}</system-out></testcase><testcase name="P-DET-23" classname="DetectionEngine" time="0.1"><system-out>{
  "case_id": "P-DET-23",
  "expected": "no_alert",
  "actual": "no_alert",
  "alerts": [],
  "hash": "40baaadb"
}</system-out></testcase><testcase name="P-DET-24" classname="DetectionEngine" time="0.1"><system-out>{
  "case_id": "P-DET-24",
  "expected": "no_alert",
  "actual": "no_alert",
  "alerts": [],
  "hash": "a8c590a9"
}</system-out></testcase><testcase name="P-DET-25" classname="DetectionEngine" time="0.1"><system-out>{
  "case_id": "P-DET-25",
  "expected": "no_alert",
  "actual": "no_alert",
  "alerts": [],
  "hash": "19632195"
}</system-out></testcase><testcase name="P-DET-26" classname="DetectionEngine" time="0.1"><system-out>{
  "case_id": "P-DET-26",
  "expected": "no_alert",
  "actual": "no_alert",
  "alerts": [],
  "hash": "5e146b2d"
}</system-out></testcase><testcase name="P-DET-27" classname="DetectionEngine" time="0.1"><system-out>{
  "case_id": "P-DET-27",
  "expected": "no_alert",
  "actual": "no_alert",
  "alerts": [],
  "hash": "65ad16cc"
}</system-out></testcase><testcase name="P-DET-28" classname="DetectionEngine" time="0.1"><system-out>{
  "case_id": "P-DET-28",
  "expected": "no_alert",
  "actual": "no_alert",
  "alerts": [],
  "hash": "004eca98"
}</system-out></testcase><testcase name="P-DET-29" classname="DetectionEngine" time="0.1"><system-out>{
  "case_id": "P-DET-29",
  "expected": "no_alert",
  "actual": "no_alert",
  "alerts": [],
  "hash": "e0e9a83f"
}</system-out></testcase><testcase name="P-DET-30" classname="DetectionEngine" time="0.1"><system-out>{
  "case_id": "P-DET-30",
  "expected": "no_alert",
  "actual": "no_alert",
  "alerts": [],
  "hash": "9ef714e9"
}</system-out></testcase><testcase name="P-DET-31" classname="DetectionEngine" time="0.1"><system-out>{
  "case_id": "P-DET-31",
  "expected": "no_alert",
  "actual": "no_alert",
  "alerts": [],
  "hash": "03055cd2"
}</system-out></testcase><testcase name="P-DET-32" classname="DetectionEngine" time="0.1"><system-out>{
  "case_id": "P-DET-32",
  "expected": "no_alert",
  "actual": "no_alert",
  "alerts": [],
  "hash": "47965730"
}</system-out></testcase><testcase name="P-DET-33" classname="DetectionEngine" time="0.1"><system-out>{
  "case_id": "P-DET-33",
  "expected": "no_alert",
  "actual": "no_alert",
  "alerts": [],
  "hash": "7fac8820"
}</system-out></testcase><testcase name="P-DET-34" classname="DetectionEngine" time="0.1"><system-out>{
  "case_id": "P-DET-34",
  "expected": "no_alert",
  "actual": "no_alert",
  "alerts": [],
  "hash": "bdf48a6f"
}</system-out></testcase><testcase name="P-DET-35" classname="DetectionEngine" time="0.1"><system-out>{
  "case_id": "P-DET-35",
  "expected": "no_alert",
  "actual": "no_alert",
  "alerts": [],
  "hash": "003d3ba1"
}</system-out></testcase><testcase name="P-DET-36" classname="DetectionEngine" time="0.1"><system-out>{
  "case_id": "P-DET-36",
  "expected": "no_alert",
  "actual": "no_alert",
  "alerts": [],
  "hash": "66a9ed88"
}</system-out></testcase></testsuite>